"D:/Users/Stareat/Documents/Unreal Projects/ShotTargetIfYouCan/Content/FirstPerson/Textures/FirstPersonCrosshair.uasset" 0
"D:/Users/Stareat/Documents/Unreal Projects/ShotTargetIfYouCan/Content/Materials/M_ImpactSmoke.uasset" 1
"D:/Users/Stareat/Documents/Unreal Projects/ShotTargetIfYouCan/Content/Materials/M_LensFlare1.uasset" 2
"D:/Users/Stareat/Documents/Unreal Projects/ShotTargetIfYouCan/Content/Materials/M_LensFlare2.uasset" 3
"D:/Users/Stareat/Documents/Unreal Projects/ShotTargetIfYouCan/Content/Materials/M_MuzzleFlash.uasset" 4
"../../../Engine/Content/Functions/Engine_MaterialFunctions01/Gradient/LinearGradient.uasset" 5
"D:/Users/Stareat/Documents/Unreal Projects/ShotTargetIfYouCan/Content/Materials/M_MuzzleGlow.uasset" 6
"D:/Users/Stareat/Documents/Unreal Projects/ShotTargetIfYouCan/Content/Materials/M_MuzzleSmokeDetail.uasset" 7
"D:/Users/Stareat/Documents/Unreal Projects/ShotTargetIfYouCan/Content/Materials/M_RadialRamp.uasset" 8
"D:/Users/Stareat/Documents/Unreal Projects/ShotTargetIfYouCan/Content/Materials/M_SightLens.uasset" 9
"D:/Users/Stareat/Documents/Unreal Projects/ShotTargetIfYouCan/Content/Materials/M_SmokeBall.uasset" 10
"../../../Engine/Content/Functions/Engine_MaterialFunctions01/Gradient/RadialGradient.uasset" 11
"D:/Users/Stareat/Documents/Unreal Projects/ShotTargetIfYouCan/Content/Materials/M_SoftGradient.uasset" 12
"D:/Users/Stareat/Documents/Unreal Projects/ShotTargetIfYouCan/Content/Materials/M_Spark.uasset" 13
"../../../Engine/Content/Functions/Engine_MaterialFunctions01/Texturing/FlattenNormal.uasset" 14
"../../../Engine/Content/Functions/Engine_MaterialFunctions02/Utility/BlendAngleCorrectedNormals.uasset" 15
"../../../Engine/Content/Functions/MaterialLayerFunctions/MatLayerBlend_BakedNormal.uasset" 16
"../../../Engine/Content/Functions/MaterialLayerFunctions/MatLayerBlend_Decal.uasset" 17
"../../../Engine/Content/Functions/MaterialLayerFunctions/MatLayerBlend_Emissive.uasset" 18
"../../../Engine/Content/Functions/MaterialLayerFunctions/MatLayerBlend_RoughnessOverride.uasset" 19
"../../../Engine/Content/Functions/MaterialLayerFunctions/MatLayerBlend_Standard.uasset" 20
"../../../Engine/Content/Functions/MaterialLayerFunctions/MatLayerBlend_TintAllChannels.uasset" 21
"D:/Users/Stareat/Documents/Unreal Projects/ShotTargetIfYouCan/Content/Rifle/Materials/MaterialLayers/BoltMetal.uasset" 22
"D:/Users/Stareat/Documents/Unreal Projects/ShotTargetIfYouCan/Content/Textures/T_CharacterMetal.uasset" 23
"D:/Users/Stareat/Documents/Unreal Projects/ShotTargetIfYouCan/Content/Textures/T_Metal_N.uasset" 24
"D:/Users/Stareat/Documents/Unreal Projects/ShotTargetIfYouCan/Content/Rifle/Materials/MaterialLayers/MetalCopper.uasset" 25
"D:/Users/Stareat/Documents/Unreal Projects/ShotTargetIfYouCan/Content/Textures/T_Metal.uasset" 26
"D:/Users/Stareat/Documents/Unreal Projects/ShotTargetIfYouCan/Content/Rifle/Materials/MaterialLayers/MetalGray.uasset" 27
"D:/Users/Stareat/Documents/Unreal Projects/ShotTargetIfYouCan/Content/Textures/T_PaintedMetal.uasset" 28
"D:/Users/Stareat/Documents/Unreal Projects/ShotTargetIfYouCan/Content/Textures/T_PaintedMetal_N.uasset" 29
"D:/Users/Stareat/Documents/Unreal Projects/ShotTargetIfYouCan/Content/Rifle/Materials/MaterialLayers/Paint.uasset" 30
"D:/Users/Stareat/Documents/Unreal Projects/ShotTargetIfYouCan/Content/Textures/T_Rubber.uasset" 31
"D:/Users/Stareat/Documents/Unreal Projects/ShotTargetIfYouCan/Content/Rifle/Materials/MaterialLayers/Rubber.uasset" 32
"D:/Users/Stareat/Documents/Unreal Projects/ShotTargetIfYouCan/Content/Rifle/Textures/T_Rifle_Decals.uasset" 33
"D:/Users/Stareat/Documents/Unreal Projects/ShotTargetIfYouCan/Content/Textures/T_Display.uasset" 34
"D:/Users/Stareat/Documents/Unreal Projects/ShotTargetIfYouCan/Content/Textures/T_Rifle2_N.uasset" 35
"D:/Users/Stareat/Documents/Unreal Projects/ShotTargetIfYouCan/Content/Textures/T_Rifle2_Section.uasset" 36
"D:/Users/Stareat/Documents/Unreal Projects/ShotTargetIfYouCan/Content/Textures/T_Rifle2_Shade.uasset" 37
"D:/Users/Stareat/Documents/Unreal Projects/ShotTargetIfYouCan/Content/Rifle/Materials/M_Rifle2.uasset" 38
"D:/Users/Stareat/Documents/Unreal Projects/ShotTargetIfYouCan/Content/Rifle/Mesh/SK_FPGun_PhysicsAsset.uasset" 39
"D:/Users/Stareat/Documents/Unreal Projects/ShotTargetIfYouCan/Content/Textures/T_Character1.uasset" 40
"D:/Users/Stareat/Documents/Unreal Projects/ShotTargetIfYouCan/Content/Textures/T_Character2.uasset" 41
"D:/Users/Stareat/Documents/Unreal Projects/ShotTargetIfYouCan/Content/Textures/T_Character_E.uasset" 42
"D:/Users/Stareat/Documents/Unreal Projects/ShotTargetIfYouCan/Content/Textures/T_Character_N.uasset" 43
"D:/Users/Stareat/Documents/Unreal Projects/ShotTargetIfYouCan/Content/Textures/T_Clouds.uasset" 44
"D:/Users/Stareat/Documents/Unreal Projects/ShotTargetIfYouCan/Content/Textures/T_Flare.uasset" 45
"D:/Users/Stareat/Documents/Unreal Projects/ShotTargetIfYouCan/Content/Textures/T_HoloLayer.uasset" 46
"D:/Users/Stareat/Documents/Unreal Projects/ShotTargetIfYouCan/Content/Textures/T_LensFlare.uasset" 47
"D:/Users/Stareat/Documents/Unreal Projects/ShotTargetIfYouCan/Content/Textures/T_MuzzleFlashes.uasset" 48
"D:/Users/Stareat/Documents/Unreal Projects/ShotTargetIfYouCan/Content/Textures/T_Rifle1_N.uasset" 49
"D:/Users/Stareat/Documents/Unreal Projects/ShotTargetIfYouCan/Content/Textures/T_Rifle1_Section.uasset" 50
"D:/Users/Stareat/Documents/Unreal Projects/ShotTargetIfYouCan/Content/Textures/T_Rifle1_Shade.uasset" 51
"D:/Users/Stareat/Documents/Unreal Projects/ShotTargetIfYouCan/Content/Textures/T_Rifle_Decals.uasset" 52
"D:/Users/Stareat/Documents/Unreal Projects/ShotTargetIfYouCan/Content/Textures/T_SightLensMask1.uasset" 53
"D:/Users/Stareat/Documents/Unreal Projects/ShotTargetIfYouCan/Content/Textures/T_SightLensMask2.uasset" 54
"D:/Users/Stareat/Documents/Unreal Projects/ShotTargetIfYouCan/Content/Textures/T_SmokeBall.uasset" 55
"D:/Users/Stareat/Documents/Unreal Projects/ShotTargetIfYouCan/Content/Textures/T_SparkCore.uasset" 56
"D:/Users/Stareat/Documents/Unreal Projects/ShotTargetIfYouCan/Content/Textures/T_SquareMaskTightEdge.uasset" 57
"D:/Users/Stareat/Documents/Unreal Projects/ShotTargetIfYouCan/Content/Textures/T_Steam.uasset" 58
"D:/Users/Stareat/Documents/Unreal Projects/ShotTargetIfYouCan/Content/Textures/T_TileNoise.uasset" 59
"../../../Engine/Content/Functions/Engine_MaterialFunctions01/Opacity/CameraDepthFade.uasset" 60
"../../../Engine/Content/EngineMaterials/T_Default_Material_Grid_M.uasset" 61
"../../../Engine/Content/EngineMaterials/T_Default_Material_Grid_N.uasset" 62
"../../../Engine/Content/EngineMaterials/DefaultMaterial.uasset" 63
"../../../Engine/Content/BasicShapes/Cone.uasset" 64
"../../../Engine/Content/EngineMaterials/WorldGridMaterial.uasset" 65
"../../../Engine/Content/BasicShapes/Plane.uasset" 66
"../../../Engine/Content/BasicShapes/Sphere.uasset" 67
"../../../Engine/Content/EditorLandscapeResources/DataLayer.uasset" 68
"../../../Engine/Content/EditorMaterials/GizmoMaterial.uasset" 69
"../../../Engine/Content/EditorMaterials/MAT_Groups_Toggle.uasset" 70
"../../../Engine/Content/EditorMaterials/MAT_Groups_Visibility.uasset" 71
"../../../Engine/Content/EditorMaterials/PreviewShadowIndicator.uasset" 72
"../../../Engine/Content/EditorMaterials/PreviewShadowIndicatorMaterial.uasset" 73
"../../../Engine/Content/EditorMaterials/MatineeGroups/MAT_ColorTrack.uasset" 74
"../../../Engine/Content/EditorMaterials/MatineeGroups/MAT_Groups_Anim.uasset" 75
"../../../Engine/Content/EditorMaterials/MatineeGroups/MAT_Groups_AudioMaster.uasset" 76
"../../../Engine/Content/EditorMaterials/MatineeGroups/MAT_Groups_Director.uasset" 77
"../../../Engine/Content/EditorMaterials/MatineeGroups/MAT_Groups_Event.uasset" 78
"../../../Engine/Content/EditorMaterials/MatineeGroups/MAT_Groups_Fade.uasset" 79
"../../../Engine/Content/EditorMaterials/MatineeGroups/MAT_Groups_Float.uasset" 80
"../../../Engine/Content/EditorMaterials/MatineeGroups/MAT_Groups_Move.uasset" 81
"../../../Engine/Content/EditorMaterials/MatineeGroups/MAT_Groups_Slomo.uasset" 82
"../../../Engine/Content/EditorMaterials/MatineeGroups/MAT_Groups_Sound.uasset" 83
"../../../Engine/Content/EditorMaterials/MatineeGroups/MAT_Groups_Vector.uasset" 84
"../../../Engine/Content/EditorMaterials/ParticleSystems/PSysThumbnail_NoImage.uasset" 85
"../../../Engine/Content/EditorMaterials/ParticleSystems/PSysThumbnail_OOD.uasset" 86
"../../../Engine/Content/EditorMaterials/Camera/CineMat.uasset" 87
"../../../Engine/Content/EditorMaterials/Camera/MI_CineMat_Rig.uasset" 88
"../../../Engine/Content/EditorMeshes/Camera/SM_CraneRig_Arm.uasset" 89
"../../../Engine/Content/EditorMeshes/Camera/SM_CraneRig_Base.uasset" 90
"../../../Engine/Content/EditorMeshes/Camera/SM_CraneRig_Body.uasset" 91
"../../../Engine/Content/EditorMeshes/Camera/SM_CraneRig_Mount.uasset" 92
"../../../Engine/Content/EditorMeshes/Camera/SM_RailRig_Mount.uasset" 93
"../../../Engine/Content/EditorMeshes/Camera/SM_RailRig_Track.uasset" 94
"../../../Engine/Content/EditorMeshes/ColorCalibrator/M_ChromeBall.uasset" 95
"../../../Engine/Content/EditorMeshes/ColorCalibrator/M_ClearCoat.uasset" 96
"../../../Engine/Content/EditorMeshes/ColorCalibrator/M_ClearCoatBlack.uasset" 97
"../../../Engine/Content/EditorMeshes/ColorCalibrator/Color_checker.uasset" 98
"../../../Engine/Content/EditorMeshes/ColorCalibrator/M_ColorGrid.uasset" 99
"../../../Engine/Content/EditorMeshes/ColorCalibrator/M_GreyBall.uasset" 100
"../../../Engine/Content/EditorMeshes/ColorCalibrator/SM_ColorCalibrator.uasset" 101
"../../../Engine/Content/EditorResources/BSPVertex.uasset" 102
"../../../Engine/Content/EditorResources/EmptyActor.uasset" 103
"../../../Engine/Content/EditorResources/S_Actor.uasset" 104
"../../../Engine/Content/EditorResources/S_Trigger.uasset" 105
"../../../Engine/Content/EditorResources/SequenceRecorder/Countdown.uasset" 106
"../../../Engine/Content/EditorResources/SequenceRecorder/RecordingIndicator.uasset" 107
"../../../Engine/Content/EditorSounds/Notifications/CompileFailed.uasset" 108
"../../../Engine/Content/EditorSounds/Notifications/CompileFailed_Cue.uasset" 109
"../../../Engine/Content/EditorSounds/Notifications/CompileSuccess.uasset" 110
"../../../Engine/Content/EditorSounds/Notifications/CompileStart_Cue.uasset" 111
"../../../Engine/Content/EditorSounds/Notifications/CompileSuccess_Cue.uasset" 112
"../../../Engine/Content/EngineDamageTypes/DmgTypeBP_Environmental.uasset" 113
"../../../Engine/Content/EngineDebugMaterials/HeatmapGradient.uasset" 114
"../../../Engine/Content/EngineDebugMaterials/BoneWeightMaterial.uasset" 115
"../../../Engine/Content/EngineDebugMaterials/ClothMaterial.uasset" 116
"../../../Engine/Content/EngineDebugMaterials/ClothMaterial_WF.uasset" 117
"../../../Engine/Content/EngineDebugMaterials/DebugEditorMaterial.uasset" 118
"../../../Engine/Content/EngineDebugMaterials/DebugMeshMaterial.uasset" 119
"../../../Engine/Content/EngineDebugMaterials/GeomMaterial.uasset" 120
"../../../Engine/Content/EngineFonts/Faces/RobotoBold.uasset" 121
"../../../Engine/Content/EngineFonts/Faces/RobotoBoldItalic.uasset" 122
"../../../Engine/Content/EngineFonts/Faces/RobotoItalic.uasset" 123
"../../../Engine/Content/EngineFonts/Faces/RobotoLight.uasset" 124
"../../../Engine/Content/EngineFonts/Faces/RobotoRegular.uasset" 125
"../../../Engine/Content/EngineFonts/Roboto.uasset" 126
"../../../Engine/Content/EngineFonts/Faces/RobotoTiny.uasset" 127
"../../../Engine/Content/EngineFonts/RobotoTiny.uasset" 128
"../../../Engine/Content/EngineMaterials/DefaultBloomKernel.uasset" 129
"../../../Engine/Content/EngineMaterials/DefaultBokeh.uasset" 130
"../../../Engine/Content/EngineMaterials/DefaultDiffuse.uasset" 131
"../../../Engine/Content/EngineMaterials/DefaultDeferredDecalMaterial.uasset" 132
"../../../Engine/Content/EngineMaterials/DefaultLightFunctionMaterial.uasset" 133
"../../../Engine/Content/EngineMaterials/DefaultPhysicalMaterial.uasset" 134
"../../../Engine/Content/Functions/Engine_MaterialFunctions02/Utility/BreakOutFloat2Components.uasset" 135
"../../../Engine/Content/EngineMaterials/DefaultPostProcessMaterial.uasset" 136
"../../../Engine/Content/EngineFonts/RobotoDistanceField.uasset" 137
"../../../Engine/Content/EngineMaterials/DefaultTextMaterialOpaque.uasset" 138
"../../../Engine/Content/EngineMaterials/DefaultWhiteGrid.uasset" 139
"../../../Engine/Content/EngineMaterials/EditorBrushMaterial.uasset" 140
"../../../Engine/Content/EngineMaterials/Good64x64TilingNoiseHighFreq.uasset" 141
"../../../Engine/Content/EngineMaterials/MiniFont.uasset" 142
"../../../Engine/Content/EngineMaterials/InvalidLightmapSettings.uasset" 143
"../../../Engine/Content/EngineMaterials/M_InvalidLightmapSettings.uasset" 144
"../../../Engine/Content/Functions/Engine_MaterialFunctions02/WorldPositionOffset/CameraOffset.uasset" 145
"../../../Engine/Content/EngineMaterials/PhAT_JointLimitMaterial.uasset" 146
"../../../Engine/Content/EngineMaterials/PreintegratedSkinBRDF.uasset" 147
"../../../Engine/Content/EngineMaterials/RemoveSurfaceMaterial.uasset" 148
"../../../Engine/Content/EngineMaterials/WeightMapPlaceholderTexture.uasset" 149
"../../../Engine/Content/EngineResources/WhiteSquareTexture.uasset" 150
"../../../Engine/Content/EngineMaterials/Widget3DPassThrough.uasset" 151
"../../../Engine/Content/EngineMaterials/Widget3DPassThrough_Masked.uasset" 152
"../../../Engine/Content/EngineMaterials/Widget3DPassThrough_Opaque.uasset" 153
"../../../Engine/Content/EngineMaterials/Widget3DPassThrough_Masked_OneSided.uasset" 154
"../../../Engine/Content/EngineMaterials/Widget3DPassThrough_Opaque_OneSided.uasset" 155
"../../../Engine/Content/EngineMaterials/Widget3DPassThrough_Translucent.uasset" 156
"../../../Engine/Content/EngineMaterials/Widget3DPassThrough_Translucent_OneSided.uasset" 157
"../../../Engine/Content/EngineMeshes/Cube.uasset" 158
"../../../Engine/Content/EngineMeshes/Cylinder.uasset" 159
"../../../Engine/Content/EngineMeshes/Sphere.uasset" 160
"../../../Engine/Content/EngineResources/Black.uasset" 161
"../../../Engine/Content/EngineResources/DefaultTexture.uasset" 162
"../../../Engine/Content/EngineResources/DefaultTextureCube.uasset" 163
"../../../Engine/Content/EngineResources/GradientTexture0.uasset" 164
"../../../Engine/Content/EngineSounds/Master.uasset" 165
"../../../Engine/Content/Functions/Engine_MaterialFunctions01/Shading/ConvertFromDiffSpec.uasset" 166
"../../../Engine/Content/Functions/Engine_MaterialFunctions01/Shading/PowerToRoughness.uasset" 167
"../../../Engine/Content/Maps/Templates/Thumbnails/Default.uasset" 168
"../../../Engine/Content/Maps/Templates/Thumbnails/VR-Basic.uasset" 169
"../../../Engine/Content/MobileResources/T_MobileControls_texture.uasset" 170
"../../../Engine/Content/MobileResources/T_MobileMenu2.uasset" 171
"../../../Engine/Content/MobileResources/HUD/AnalogHat.uasset" 172
"../../../Engine/Content/MobileResources/HUD/VirtualJoystick_Background.uasset" 173
"../../../Engine/Content/MobileResources/HUD/VirtualJoystick_Thumb.uasset" 174
"../../../Engine/Content/MobileResources/HUD/DefaultVirtualJoysticks.uasset" 175
"../../../Engine/Content/MobileResources/HUD/LeftVirtualJoystickOnly.uasset" 176
"../../../Engine/Content/MobileResources/HUD/MobileHUDButton1_off.uasset" 177
"../../../Engine/Content/MobileResources/HUD/MobileHUDButton1_on.uasset" 178
"../../../Engine/Content/MobileResources/HUD/MobileHUDButton2_off.uasset" 179
"../../../Engine/Content/MobileResources/HUD/MobileHUDButton2_on.uasset" 180
"../../../Engine/Content/MobileResources/HUD/MobileHUDButton3.uasset" 181
"../../../Engine/Content/MobileResources/HUD/MobileHUDButtonFire.uasset" 182
"../../../Engine/Content/MobileResources/HUD/MobileHUDDirectionPad.uasset" 183
"../../../Engine/Content/MobileResources/HUD/MobileHUDDirectionPad2.uasset" 184
"../../../Engine/Content/MobileResources/HUD/MobileHUDDirectionPad3.uasset" 185
"../../../Engine/Content/MobileResources/HUD/MobileHUDDirectionStick.uasset" 186
"../../../Engine/Content/MobileResources/HUD/T_Castle_ThumbstickInner.uasset" 187
"../../../Engine/Content/MobileResources/HUD/T_Castle_ThumbstickOutter.uasset" 188
"../../../Engine/Content/Tutorial/ContentIntroCurve.uasset" 189
"../../../Engine/Content/Tutorial/Basics/TutorialAssets/icon_tab_Levels_40x.uasset" 190
"../../../Engine/Content/Tutorial/BlueprintTutorials/TutorialAssets/BlueprintInterface_64x.uasset" 191
"../../../Engine/Content/Tutorial/BlueprintTutorials/TutorialAssets/BlueprintMacroLibrary_64x.uasset" 192
"../../../Engine/Content/Tutorial/BlueprintTutorials/TutorialAssets/Blueprint_64x.uasset" 193
"../../../Engine/Content/Tutorial/BlueprintTutorials/TutorialAssets/Tutorial_BP_Interface.uasset" 194
"../../../Engine/Content/Tutorial/Foliage/TutorialAssets/Foliage.uasset" 195
"../../../Engine/Content/Tutorial/Landscape/TutorialAssets/Landscape.uasset" 196
"../../../Engine/Content/Tutorial/Paper2D/TutorialAssets/Paper2DFlipbook_TutorialIcon.uasset" 197
"../../../Engine/Content/Tutorial/Paper2D/TutorialAssets/Paper2DSprite_TutorialIcon.uasset" 198
"../../../Engine/Content/Tutorial/SubEditors/TutorialAssets/icon_Editor_Preferences_General_40x.uasset" 199
"../../../Engine/Content/Tutorial/SubEditors/TutorialAssets/icon_ShowSkeletalMeshes_40x.uasset" 200
"../../../Engine/Content/Tutorial/SubEditors/TutorialAssets/TutorialMaterial.uasset" 201
"../../../Engine/Content/Tutorial/SubEditors/TutorialAssets/T_SmokeSubUV_8X8.uasset" 202
"../../../Engine/Content/Tutorial/SubEditors/TutorialAssets/T_soft_smoke.uasset" 203
"../../../Engine/Content/Tutorial/SubEditors/TutorialAssets/M_smoke_subUV_blackbody.uasset" 204
"../../../Engine/Content/Tutorial/SubEditors/TutorialAssets/TutorialParticleSystem.uasset" 205
"../../../Engine/Content/VREditor/Devices/Generic/GenericHMDMaterial.uasset" 206
"../../../Engine/Content/VREditor/Devices/Generic/GenericHMD.uasset" 207
"../../../Engine/Content/Functions/Engine_MaterialFunctions02/Utility/BreakOutFloat3Components.uasset" 208
"../../../Engine/Content/VREditor/Devices/Vive/VivePreController_MasksB.uasset" 209
"../../../Engine/Content/VREditor/Devices/Oculus/OculusControllerMaterial.uasset" 210
"../../../Engine/Content/VREditor/Devices/Oculus/OculusControllerMaterial_Inst.uasset" 211
"../../../Engine/Content/VREditor/Devices/Oculus/OculusControllerMesh.uasset" 212
"../../../Engine/Content/VREditor/Devices/Vive/T_VivePreController_EM.uasset" 213
"../../../Engine/Content/VREditor/Devices/Vive/VivePreController_MasksA.uasset" 214
"../../../Engine/Content/VREditor/Devices/Vive/VivePreControllerDiffuse.uasset" 215
"../../../Engine/Content/VREditor/Devices/Vive/VivePreControllerSpec.uasset" 216
"../../../Engine/Content/VREditor/LaserPointer/VR_LaserPower_01.uasset" 217
"../../../Engine/Content/VREditor/Devices/Vive/VivePreControllerMaterial.uasset" 218
"../../../Engine/Content/VREditor/Devices/Vive/VivePreControllerMaterial_Inst.uasset" 219
"../../../Engine/Content/VREditor/Devices/Vive/VivePreControllerMesh.uasset" 220
"../../../Engine/Content/VREditor/FloatingText/LineMaterial.uasset" 221
"../../../Engine/Content/VREditor/FloatingText/JointSphere.uasset" 222
"../../../Engine/Content/VREditor/FloatingText/LineSegmentCylinder.uasset" 223
"../../../Engine/Content/VREditor/Fonts/VRText_RobotoLarge.uasset" 224
"../../../Engine/Content/VREditor/Fonts/VRTextMaterial.uasset" 225
"../../../Engine/Content/VREditor/Fonts/TranslucentVRTextMaterial.uasset" 226
"../../../Engine/Content/VREditor/LaserPointer/CursorPointer.uasset" 227
"../../../Engine/Content/VREditor/TransformGizmo/TransformGizmoMaterial.uasset" 228
"../../../Engine/Content/VREditor/LaserPointer/HoverMaterial.uasset" 229
"../../../Engine/Content/VREditor/TransformGizmo/TranslucentTransformGizmoMaterial.uasset" 230
"../../../Engine/Content/VREditor/LaserPointer/TranslucentHoverMaterial.uasset" 231
"../../../Engine/Content/VREditor/LaserPointer/HoverMesh.uasset" 232
"../../../Engine/Content/VREditor/LaserPointer/LaserPointerMaterial.uasset" 233
"../../../Engine/Content/VREditor/LaserPointer/LaserPointerMaterialInst.uasset" 234
"../../../Engine/Content/VREditor/LaserPointer/TranslucentLaserPointerMaterialInst.uasset" 235
"../../../Engine/Content/VREditor/LaserPointer/LaserPointerMesh.uasset" 236
"../../../Engine/Content/VREditor/LaserPointer/LaserPointerMesh_End.uasset" 237
"../../../Engine/Content/VREditor/LaserPointer/LaserPointerMesh_Start.uasset" 238
"../../../Engine/Content/VREditor/Sounds/VR_teleport.uasset" 239
"../../../Engine/Content/VREditor/Sounds/UI/Click_on_Button.uasset" 240
"../../../Engine/Content/VREditor/Sounds/UI/Click_on_Button_Cue.uasset" 241
"../../../Engine/Content/VREditor/Sounds/UI/Dockable_Window_Close.uasset" 242
"../../../Engine/Content/VREditor/Sounds/UI/Dockable_Window_Drop.uasset" 243
"../../../Engine/Content/VREditor/Sounds/UI/Dockable_Window_Open.uasset" 244
"../../../Engine/Content/VREditor/Sounds/UI/Dockable_Window_Pick_Up.uasset" 245
"../../../Engine/Content/VREditor/Sounds/UI/Drop_Item_From_ContentBrowser.uasset" 246
"../../../Engine/Content/VREditor/Sounds/UI/Floating_UI_Open-001.uasset" 247
"../../../Engine/Content/VREditor/Sounds/UI/Radial_Menu_FadeOut.uasset" 248
"../../../Engine/Content/VREditor/Sounds/UI/Teleport_Mode_Entered.uasset" 249
"../../../Engine/Content/VREditor/Teleport/TeleportDirectionMaterial.uasset" 250
"../../../Engine/Content/VREditor/Teleport/TeleportDirectionMaterial_Inst.uasset" 251
"../../../Engine/Content/VREditor/Teleport/TeleportDirectionMesh.uasset" 252
"../../../Engine/Content/VREditor/TransformGizmo/BoundingBoxCorner.uasset" 253
"../../../Engine/Content/VREditor/TransformGizmo/BoundingBoxEdge.uasset" 254
"../../../Engine/Content/VREditor/TransformGizmo/PlaneTranslationHandle.uasset" 255
"../../../Engine/Content/VREditor/TransformGizmo/Main.uasset" 256
"../../../Engine/Content/VREditor/TransformGizmo/Xray.uasset" 257
"../../../Engine/Content/VREditor/TransformGizmo/SM_Dialog_Close.uasset" 258
"../../../Engine/Content/VREditor/TransformGizmo/SM_Dialog_Move.uasset" 259
"../../../Engine/Content/VREditor/TransformGizmo/SM_Sequencer_Key.uasset" 260
"../../../Engine/Content/VREditor/TransformGizmo/SM_Sequencer_Node.uasset" 261
"../../../Engine/Content/VREditor/TransformGizmo/TransformGizmoMaterial_Inst.uasset" 262
"../../../Engine/Content/VREditor/TransformGizmo/TranslucentTransformGizmoMaterial_Inst.uasset" 263
"../../../Engine/Content/VREditor/Devices/Vive/UE4_Logo.uasset" 264
"../../../Engine/Content/VREditor/UI/M_ContentWindow.uasset" 265
"../../../Engine/Content/VREditor/UI/SM_ContentWindow_01.uasset" 266
"../../../Engine/Content/VREditor/UI/KeyDiskMaterial.uasset" 267
"../../../Engine/Content/VREditor/UI/DiscMaterial.uasset" 268
"../../../Engine/Content/VREditor/UI/SM_Radial_Disk.uasset" 269
"../../../Engine/Content/VREditor/UI/ArrowMaterial.uasset" 270
"../../../Engine/Content/VREditor/UI/SM_Radial_Pointer.uasset" 271
"../../../Engine/Content/VREditor/WorldMovementGrid/SimpleGrid.uasset" 272
"../../../Engine/Content/VREditor/WorldMovementGrid/GridMaterial.uasset" 273
"../../../Engine/Content/Functions/Engine_MaterialFunctions01/Density/ExponentialDensity.uasset" 274
"../../../Engine/Content/VREditor/WorldMovementGrid/GridPostProcess.uasset" 275
"../../../Engine/Content/EditorLandscapeResources/FlattenHeightMat.uasset" 276
"../../../Engine/Content/VREditor/WorldMovementGrid/PlaneMesh.uasset" 277
"../../Plugins/2D/Paper2D/Content/PlaceholderTextures/DummySpriteTexture.uasset" 278
"../../Plugins/2D/Paper2D/Content/DummySprite.uasset" 279
"../../Plugins/2D/Paper2D/Content/DefaultPaperTerrainMaterial.uasset" 280
"../../Plugins/2D/Paper2D/Content/DefaultSpriteMaterial.uasset" 281
"../../Plugins/2D/Paper2D/Content/MaskedUnlitSpriteMaterial.uasset" 282
"../../Plugins/2D/Paper2D/Content/OpaqueUnlitSpriteMaterial.uasset" 283
"../../Plugins/Media/MediaCompositing/Content/DefaultMediaPlaneTexture.uasset" 284
"../../Plugins/Media/MediaCompositing/Content/DefaultMediaPlaneMaterial.uasset" 285
"../../../Engine/Content/Functions/Engine_MaterialFunctions02/Utility/MakeFloat4.uasset" 286
"../../Plugins/Runtime/AppleARKit/Content/ARKitCameraMaterial.uasset" 287
"../../Plugins/Runtime/Oculus/OculusVR/Content/Textures/GearVRController_AO.uasset" 288
"../../Plugins/Runtime/Oculus/OculusVR/Content/Textures/GearVRController_Color.uasset" 289
"../../Plugins/Runtime/Oculus/OculusVR/Content/Textures/GearVRController_Normal.uasset" 290
"../../Plugins/Runtime/Oculus/OculusVR/Content/Materials/GearVRControllerMaterial.uasset" 291
"../../Plugins/Runtime/Oculus/OculusVR/Content/Meshes/GearVrController.uasset" 292
"../../../Engine/Content/EditorBlueprintResources/StandardMacros.uasset" 293
"../../../Engine/Content/EngineSky/C_Sky_Cloud_Color.uasset" 294
"../../../Engine/Content/EngineSky/C_Sky_Horizon_Color.uasset" 295
"../../../Engine/Content/EngineSky/C_Sky_Zenith_Color.uasset" 296
"../../../Engine/Content/EngineSky/T_Sky_Blue.uasset" 297
"../../../Engine/Content/EngineSky/T_Sky_Clouds_M.uasset" 298
"../../../Engine/Content/EngineSky/T_Sky_Stars.uasset" 299
"../../../Engine/Content/EngineSky/M_Sky_Panning_Clouds2.uasset" 300
"../../../Engine/Content/EngineSky/SM_SkySphere.uasset" 301
"../../../Engine/Content/EngineSky/BP_Sky_Sphere.uasset" 302
"D:/Users/Stareat/Documents/Unreal Projects/ShotTargetIfYouCan/Content/Target/Textures/T_Target.uasset" 303
"D:/Users/Stareat/Documents/Unreal Projects/ShotTargetIfYouCan/Content/Target/Materials/M_Target.uasset" 304
"../../../Engine/Content/BasicShapes/Cylinder.uasset" 305
"D:/Users/Stareat/Documents/Unreal Projects/ShotTargetIfYouCan/Content/Target/Target.uasset" 306
"D:/Users/Stareat/Documents/Unreal Projects/ShotTargetIfYouCan/Content/Levels/Main_BuiltData.uasset" 307
"D:/Users/Stareat/Documents/Unreal Projects/ShotTargetIfYouCan/Content/Materials/M_Basic_Floor.uasset" 308
"D:/Users/Stareat/Documents/Unreal Projects/ShotTargetIfYouCan/Content/Materials/M_Basic_Wall.uasset" 309
"D:/Users/Stareat/Documents/Unreal Projects/ShotTargetIfYouCan/Content/Textures/T_Chair_M.uasset" 310
"D:/Users/Stareat/Documents/Unreal Projects/ShotTargetIfYouCan/Content/Textures/T_Chair_N.uasset" 311
"D:/Users/Stareat/Documents/Unreal Projects/ShotTargetIfYouCan/Content/Materials/M_Chair.uasset" 312
"D:/Users/Stareat/Documents/Unreal Projects/ShotTargetIfYouCan/Content/Materials/M_Simbol.uasset" 313
"../../../Engine/Content/BasicShapes/Cube.uasset" 314
"../../../Engine/Content/MapTemplates/SM_Template_Map_Floor.uasset" 315
"D:/Users/Stareat/Documents/Unreal Projects/ShotTargetIfYouCan/Content/Sounds/SoundClasses/Ambient.uasset" 316
"D:/Users/Stareat/Documents/Unreal Projects/ShotTargetIfYouCan/Content/Sounds/SoundClasses/Characters.uasset" 317
"D:/Users/Stareat/Documents/Unreal Projects/ShotTargetIfYouCan/Content/Sounds/SoundMixes/DuckEnvironment.uasset" 318
"D:/Users/Stareat/Documents/Unreal Projects/ShotTargetIfYouCan/Content/Sounds/SoundClasses/Weapons.uasset" 319
"D:/Users/Stareat/Documents/Unreal Projects/ShotTargetIfYouCan/Content/Sounds/SoundClasses/SFX.uasset" 320
"D:/Users/Stareat/Documents/Unreal Projects/ShotTargetIfYouCan/Content/Sounds/SoundClasses/Master.uasset" 321
"D:/Users/Stareat/Documents/Unreal Projects/ShotTargetIfYouCan/Content/Sounds/SoundClasses/Music.uasset" 322
"D:/Users/Stareat/Documents/Unreal Projects/ShotTargetIfYouCan/Content/Sounds/SoundWaves/Music.uasset" 323
"D:/Users/Stareat/Documents/Unreal Projects/ShotTargetIfYouCan/Content/Sounds/SoundCues/Music.uasset" 324
"D:/Users/Stareat/Documents/Unreal Projects/ShotTargetIfYouCan/Content/Textures/T_Bush_D.uasset" 325
"D:/Users/Stareat/Documents/Unreal Projects/ShotTargetIfYouCan/Content/Textures/T_Bush_N.uasset" 326
"D:/Users/Stareat/Documents/Unreal Projects/ShotTargetIfYouCan/Content/Materials/M_Bush.uasset" 327
"D:/Users/Stareat/Documents/Unreal Projects/ShotTargetIfYouCan/Content/StaticMeshes/SM_Bush.uasset" 328
"D:/Users/Stareat/Documents/Unreal Projects/ShotTargetIfYouCan/Content/StaticMeshes/SM_Chair.uasset" 329
"D:/Users/Stareat/Documents/Unreal Projects/ShotTargetIfYouCan/Content/Materials/M_SimbolPlain.uasset" 330
"D:/Users/Stareat/Documents/Unreal Projects/ShotTargetIfYouCan/Content/StaticMeshes/SM_Simbol.uasset" 331
"D:/Users/Stareat/Documents/Unreal Projects/ShotTargetIfYouCan/Content/Textures/T_Statue_M.uasset" 332
"D:/Users/Stareat/Documents/Unreal Projects/ShotTargetIfYouCan/Content/Textures/T_Statue_N.uasset" 333
"D:/Users/Stareat/Documents/Unreal Projects/ShotTargetIfYouCan/Content/Materials/M_Statue.uasset" 334
"D:/Users/Stareat/Documents/Unreal Projects/ShotTargetIfYouCan/Content/Materials/M_StatueGlass.uasset" 335
"D:/Users/Stareat/Documents/Unreal Projects/ShotTargetIfYouCan/Content/StaticMeshes/SM_Statue.uasset" 336
"D:/Users/Stareat/Documents/Unreal Projects/ShotTargetIfYouCan/Content/Textures/T_TableRound_M.uasset" 337
"D:/Users/Stareat/Documents/Unreal Projects/ShotTargetIfYouCan/Content/Textures/T_TableRound_N.uasset" 338
"D:/Users/Stareat/Documents/Unreal Projects/ShotTargetIfYouCan/Content/Materials/M_TableRound.uasset" 339
"D:/Users/Stareat/Documents/Unreal Projects/ShotTargetIfYouCan/Content/StaticMeshes/SM_TableRound.uasset" 340
"D:/Users/Stareat/Documents/Unreal Projects/ShotTargetIfYouCan/Content/Levels/Main.umap" 341
"D:/Users/Stareat/Documents/Unreal Projects/ShotTargetIfYouCan/Content/Sounds/SoundWaves/Intro.uasset" 342
"D:/Users/Stareat/Documents/Unreal Projects/ShotTargetIfYouCan/Content/Sounds/SoundCues/Intro.uasset" 343
"D:/Users/Stareat/Documents/Unreal Projects/ShotTargetIfYouCan/Content/Textures/T_Background.uasset" 344
"D:/Users/Stareat/Documents/Unreal Projects/ShotTargetIfYouCan/Content/UserInterfaces/WidgetBluprints/MainMenu.uasset" 345
"D:/Users/Stareat/Documents/Unreal Projects/ShotTargetIfYouCan/Content/Levels/Menu.umap" 346
"../../../Engine/Content/Maps/Entry.umap" 347
